#-----------------------------------------------------------
# Vivado v2018.1 (64-bit)
# SW Build 2188600 on Wed Apr  4 18:40:38 MDT 2018
# IP Build 2185939 on Wed Apr  4 20:55:05 MDT 2018
# Start of session at: Sun Apr  7 21:41:46 2019
# Process ID: 16784
# Current directory: C:/Users/cuixf/Desktop/Saturating_Inductor_Buck
# Command line: vivado.exe -gui_launcher_event rodinguilauncherevent25404 C:\Users\cuixf\Desktop\Saturating_Inductor_Buck\Saturating_Inductor_Buck.xpr
# Log file: C:/Users/cuixf/Desktop/Saturating_Inductor_Buck/vivado.log
# Journal file: C:/Users/cuixf/Desktop/Saturating_Inductor_Buck\vivado.jou
#-----------------------------------------------------------
start_gui
open_project C:/Users/cuixf/Desktop/Saturating_Inductor_Buck/Saturating_Inductor_Buck.xpr
INFO: [Project 1-313] Project file moved from 'C:/Users/Chris/Desktop/Research/Saturating_Inductor_Buck' since last save.
CRITICAL WARNING: [Project 1-311] Could not find the file 'C:/Users/cuixf/Desktop/Saturating_Inductor_Buck/Saturating_Inductor_Buck.srcs/sources_1/new/preset.v', nor could it be found using path 'C:/Users/Chris/Desktop/Research/Saturating_Inductor_Buck/Saturating_Inductor_Buck.srcs/sources_1/new/preset.v'.
Scanning sources...
Finished scanning sources
INFO: [IP_Flow 19-234] Refreshing IP repositories
INFO: [IP_Flow 19-1704] No user IP repositories specified
INFO: [IP_Flow 19-2313] Loaded Vivado IP repository 'C:/Xilinx/Vivado/2018.1/data/ip'.
open_project: Time (s): cpu = 00:00:12 ; elapsed = 00:00:08 . Memory (MB): peak = 837.477 ; gain = 147.000
update_compile_order -fileset sources_1
